


ARM Macro Assembler    Page 1 


    1 00000000                 GLOBAL           subrts
    2 00000000                 GLOBAL           LCD_PINS
    3 00000000                 GLOBAL           LCD_CHAR
    4 00000000                 GLOBAL           LCD_CMD
    5 00000000                 GLOBAL           DELAY
    6 00000000                 GLOBAL           LCD_INIT
    7 00000000                 GLOBAL           LCD_STRING
    8 00000000                 GLOBAL           LCD_CLEAR
    9 00000000         
   10 00000000                 AREA             mycode, CODE, readonly
   11 00000000         subrts
   12 00000000         
   13 00000000         DELAY
   14 00000000         
   15 00000000 0000000F 
                       loop_cntr
                               EQU              15          ;wait 6us
   16 00000000 00000064 
                       loop_cntr2
                               EQU              100         ;wait 40us
   17 00000000         
   18 00000000 E82D0007        STMDA            sp!, {r0,r1,r2}
   19 00000004         
   20 00000004 E3A0000F        LDR              r0,=loop_cntr
   21 00000008 E3A01000        mov              r1, #0
   22 0000000C E3A02000        mov              r2, #0
   23 00000010         
   24 00000010 E2811001 
                       DELAY_LOOP1
                               ADD              r1,r1,#1    ;loop 6us
   25 00000014 E1510000        CMP              r1,r0
   26 00000018 1AFFFFFC        BNE              DELAY_LOOP1
   27 0000001C         
   28 0000001C E3A00064 
                       DELAY_LOOP2
                               LDR              r0, =loop_cntr2
   29 00000020 E1520003        CMP              r2,r3
   30 00000024 E2822001        ADD              r2,r2,#1    ;loop 40us
   31 00000028 E1510000        CMP              r1,r0
   32 0000002C 1AFFFFFA        BNE              DELAY_LOOP2
   33 00000030         
   34 00000030 E9BD0007        LDMIB            sp!, {r0,r1,r2}
   35 00000034         
   36 00000034 E12FFF1E        BX               lr
   37 00000038         LCD_PINS
   38 00000038         ;LCD_PINS: This subroutine sets the pin selectors as GPI
                       O
   39 00000038         
   40 00000038 E002C000 
                       PINSEL0 EQU              0XE002C000
   41 00000038 E002C004 
                       PINSEL1 EQU              0XE002C004
   42 00000038 E002C014 
                       PINSEL2 EQU              0XE002C014
   43 00000038 E0028000 
                       IO0PIN  EQU              0XE0028000
   44 00000038 E0028004 
                       IO0SET  EQU              0XE0028004
   45 00000038 E0028008 



ARM Macro Assembler    Page 2 


                       IO0DIR  EQU              0XE0028008
   46 00000038 E0028018 
                       IO1DIR  EQU              0XE0028018
   47 00000038 E002800C 
                       IO0CLR  EQU              0XE002800C
   48 00000038         
   49 00000038 E82D0007        STMDA            SP!,{R0,R1,R2} ;load R0,R1,R2 I
                                                            NTO THE STACK
   50 0000003C         ;LDR R0,=PINSEL0
   51 0000003C         ;LDR R1,[R0]
   52 0000003C         ;LDR R2,=0XFF00
   53 0000003C         ;BIC R1,R1,R2
   54 0000003C         ;STR R1,[R0]
   55 0000003C         
   56 0000003C E59F0310        LDR              R0,=PINSEL1
   57 00000040 E5901000        LDR              R1,[R0]
   58 00000044 E59F230C        LDR              R2,=0X30003000
   59 00000048         
   60 00000048         ;BITS 13,14,28,29 ARE 0S TO SET PINS P0.22 & P0.30 AS GP
                       IO
   61 00000048 E1C11002        BIC              R1, R1, R2
   62 0000004C E5801000        STR              R1,[R0]
   63 00000050         
   64 00000050         ;SET P0.22 & P0.30 AS OUTPUT DIRECTION
   65 00000050 E59F0304        LDR              R0,=IO0DIR
   66 00000054 E5901000        LDR              R1,[R0]
   67 00000058 E59F2300        LDR              R2,=0X4040FF00 ;LOADS MASK FOR 
                                                            PINS 22 AND 30, PIN
                                                            S 8-15
   68 0000005C E1811002        ORR              R1, R1, R2  ;LOADS RESULT OF OR
                                                            R WITH INTO R1 WHIC
                                                            H HOLDS DIR ADDRESS
                                                            
   69 00000060 E5801000        STR              R1,[R0]     ;SETS THE DIRECTION
                                                             OF 22 AND 30 AS OU
                                                            TPUTS
   70 00000064         
   71 00000064 E59F02F8        LDR              R0,=IO0PIN
   72 00000068 E5901000        LDR              R1,[R0]
   73 0000006C E1811002        ORR              R1,R1,R2
   74 00000070 E5801000        STR              R1,[R0]
   75 00000074         
   76 00000074 E59F02EC        LDR              R0,=PINSEL2 ;LOADS PINSEL2 ADDR
                                                            ESS INTO R0
   77 00000078 E3E02008        LDR              R2,=0XFFFFFFF7 ;BIT 3 SET TO 0 
                                                            TO CONFIGURE PINS P
                                                            1.16-25 AS GPIO
   78 0000007C E5802000        STR              R2,[R0]
   79 00000080 E59F02E4        LDR              R0,=IO1DIR
   80 00000084 E5901000        LDR              R1,[R0]
   81 00000088         
   82 00000088 E59F22E0        LDR              R2,=0X3FF0000 ;DIRECTION IS SET
                                                             AS OUTPUT
   83 0000008C E1811002        ORR              R1, R1, R2
   84 00000090 E5801000        STR              R1,[R0]
   85 00000094 E9BD0007        LDMIB            SP!,{R0,R1,R2}
   86 00000098 E12FFF1E        BX               LR
   87 0000009C         
   88 0000009C         LCD_CMD



ARM Macro Assembler    Page 3 


   89 0000009C         ;;-This subroutine sends a command to the LCD.
   90 0000009C         
   91 0000009C 00FF0000 
                       LCD_DATA
                               EQU              0X00FF0000  ;P1.16-23
   92 0000009C 01000000 
                       LCD_RS  EQU              0X01000000  ;P1.24
   93 0000009C 02000000 
                       LCD_E   EQU              0X02000000  ;P1.25
   94 0000009C 00400000 
                       LCD_RW  EQU              0X00400000  ;P0.22
   95 0000009C 40000000 
                       LCD_LIGHT
                               EQU              0X40000000  ;P0.30
   96 0000009C E0028010 
                       IO1PIN  EQU              0XE0028010  ;ALLOWS US TO OUTPU
                                                            T 0/1 ON PORT 1 PIN
                                                            S
   97 0000009C         
   98 0000009C         ;SAVE R0,R1,R2,LR INTO THE STACK
   99 0000009C E82D401F        STMDA            SP!,{R0-R4,LR}
  100 000000A0 E3A048FF        LDR              R4,=LCD_DATA
  101 000000A4 E59F02C8        LDR              R0,=IO1PIN
  102 000000A8 E5902000        LDR              R2,[R0]
  103 000000AC E1C22004        BIC              R2,R2,R4
  104 000000B0 E1862002        ORR              R2,R6,R2    ;WHERE R6 CONTAINS 
                                                            THE LCD COMMAND FRO
                                                            M THE CALLING PROGR
                                                            AM
  105 000000B4 E3A01402        LDR              R1,=LCD_E   ;SET ENABLE TO 0
  106 000000B8 E1C22001        BIC              R2,R2,R1
  107 000000BC         
  108 000000BC E3A01401        LDR              R1,=LCD_RS  ;SET RS TO 0
  109 000000C0 E1C22001        BIC              R2,R2,R1
  110 000000C4 E5802000        STR              R2,[R0]
  111 000000C8         
  112 000000C8 E59F0294        LDR              R0,=IO0PIN
  113 000000CC E5902000        LDR              R2,[R0]
  114 000000D0 E3A01501        LDR              R1,=LCD_RW  ;SET RW TO 0
  115 000000D4 E1C22001        BIC              R2,R2,R1
  116 000000D8 E5802000        STR              R2,[R0]
  117 000000DC         
  118 000000DC EBFFFFCB        BL               DELAY_LOOP1 ;WAITING AT LEAST 6
                                                            US
  119 000000E0         
  120 000000E0 E59F028C        LDR              R0,=IO1PIN
  121 000000E4 E3A01402        LDR              R1,=LCD_E   ;SET ENABLE TO 1
  122 000000E8 E5902000        LDR              R2,[R0]
  123 000000EC E1822001        ORR              R2,R2,R1
  124 000000F0 E5802000        STR              R2,[R0]
  125 000000F4         
  126 000000F4 EBFFFFC5        BL               DELAY_LOOP1 ;WAITING AT LEAST 6
                                                            US
  127 000000F8         
  128 000000F8 E59F0274        LDR              R0,=IO1PIN
  129 000000FC E3A01402        LDR              R1,=LCD_E   ;SET ENABLE TO 0
  130 00000100 E5902000        LDR              R2,[R0]
  131 00000104 E1C22001        BIC              R2,R2,R1
  132 00000108 E5802000        STR              R2,[R0]



ARM Macro Assembler    Page 4 


  133 0000010C         
  134 0000010C E3A030C8        MOV              R3,#200
  135 00000110 EBFFFFC1        BL               DELAY_LOOP2 ;WAITING AT LEAST 4
                                                            0US
  136 00000114         
  137 00000114         ;TURN ON LED 9
  138 00000114 E59F0248        LDR              R0,=IO0PIN
  139 00000118 E3A01C02        LDR              R1,=0X200
  140 0000011C E5902000        LDR              R2,[R0]
  141 00000120 E1C22001        BIC              R2,R2,R1
  142 00000124 E5802000        STR              R2,[R0]
  143 00000128 E9BD401F        LDMIB            SP!,{R0-R4,LR}
  144 0000012C E12FFF1E        BX               LR
  145 00000130         
  146 00000130         LCD_CHAR
  147 00000130         
  148 00000130         ;SAVE R0,R1,R2,LR INTO THE STACK
  149 00000130 E82D401F        STMDA            SP!,{R0-R4,LR}
  150 00000134 E3A048FF        LDR              R4,=LCD_DATA
  151 00000138 E59F0234        LDR              R0,=IO1PIN
  152 0000013C E5902000        LDR              R2,[R0]
  153 00000140 E1C22004        BIC              R2,R2,R4
  154 00000144 E1862002        ORR              R2,R6,R2    ;WHERE R6 CONTAINS 
                                                            THE LCD COMMAND FRO
                                                            M THE CALLING PROGR
                                                            AM
  155 00000148 E3A01402        LDR              R1,=LCD_E   ;SET ENABLE TO 0
  156 0000014C E1C22001        BIC              R2,R2,R1
  157 00000150         
  158 00000150 E3A01401        LDR              R1,=LCD_RS  ;SET RS TO 1
  159 00000154 E0022001        AND              R2,R2,R1
  160 00000158 E5802000        STR              R2,[R0]
  161 0000015C         
  162 0000015C E59F0200        LDR              R0,=IO0PIN
  163 00000160 E5902000        LDR              R2,[R0]
  164 00000164 E3A01501        LDR              R1,=LCD_RW  ;SET RW TO 0
  165 00000168 E1C22001        BIC              R2,R2,R1
  166 0000016C E5802000        STR              R2,[R0]
  167 00000170         
  168 00000170 EBFFFFA6        BL               DELAY_LOOP1 ;WAITING AT LEAST 6
                                                            US
  169 00000174         
  170 00000174 E59F01F8        LDR              R0,=IO1PIN
  171 00000178 E3A01402        LDR              R1,=LCD_E   ;SET ENABLE TO 1
  172 0000017C E5902000        LDR              R2,[R0]
  173 00000180 E1822001        ORR              R2,R2,R1
  174 00000184 E5802000        STR              R2,[R0]
  175 00000188         
  176 00000188 EBFFFFA0        BL               DELAY_LOOP1 ;WAITING AT LEAST 6
                                                            US
  177 0000018C         
  178 0000018C E59F01E0        LDR              R0,=IO1PIN
  179 00000190 E3A01402        LDR              R1,=LCD_E   ;SET ENABLE TO 0
  180 00000194 E5902000        LDR              R2,[R0]
  181 00000198 E1C22001        BIC              R2,R2,R1
  182 0000019C E5802000        STR              R2,[R0]
  183 000001A0         
  184 000001A0 E3A030C8        MOV              R3,#200
  185 000001A4 EBFFFF9C        BL               DELAY_LOOP2 ;WAITING AT LEAST 4



ARM Macro Assembler    Page 5 


                                                            0US
  186 000001A8         
  187 000001A8         ;TURN ON LED 9
  188 000001A8 E59F01B4        LDR              R0,=IO0PIN
  189 000001AC E3A01C02        LDR              R1,=0X200
  190 000001B0 E5902000        LDR              R2,[R0]
  191 000001B4 E1C22001        BIC              R2,R2,R1
  192 000001B8 E5802000        STR              R2,[R0]
  193 000001BC E9BD401F        LDMIB            SP!,{R0-R4,LR}
  194 000001C0 E12FFF1E        BX               LR
  195 000001C4         
  196 000001C4         LCD_INIT
  197 000001C4 E82D4007        STMDA            SP!,{R0,R1,R2,LR}
  198 000001C8 E59F0194        LDR              R0, =IO0PIN
  199 000001CC E5902000        LDR              R2,[R0]
  200 000001D0 E3A01402        LDR              R1,=LCD_E
  201 000001D4 E1C22001        BIC              R2,R2,R1
  202 000001D8 E3A01401        LDR              R1, =LCD_RS
  203 000001DC E1C22001        BIC              R2,R2,R1
  204 000001E0 E5802000        STR              R2,[R0]
  205 000001E4         
  206 000001E4 E59F0178        LDR              R0, =IO0PIN
  207 000001E8 E3A01501        LDR              R1, =LCD_RW
  208 000001EC E5902000        LDR              R2,[R0]
  209 000001F0 E1C22001        BIC              R2,R2,R1
  210 000001F4 E5802000        STR              R2,[R0]
  211 000001F8         
  212 000001F8 E59F3178        LDR              R3,=100000
  213 000001FC EBFFFF83        BL               DELAY_LOOP1
  214 00000200         
  215 00000200 E3A06603        MOV              R6, #0X300000
  216 00000204 EBFFFFFE        BL               LCD_CMD
  217 00000208 E59F0164        LDR              R0,=IO1PIN
  218 0000020C E5902000        LDR              R2,[R0]
  219 00000210 E0022008        AND              R2,R2,R8
  220 00000214 E1822007        ORR              R2,R2,R7
  221 00000218 E5802000        STR              R2,[R0]
  222 0000021C         
  223 0000021C E59F3158        LDR              R3,=10000
  224 00000220 EBFFFF7A        BL               DELAY_LOOP1
  225 00000224         
  226 00000224 E3A06603        MOV              R6, #0X300000
  227 00000228 EBFFFFFE        BL               LCD_CMD
  228 0000022C E59F0140        LDR              R0,=IO1PIN
  229 00000230 E5802000        STR              R2,[R0]
  230 00000234         
  231 00000234 E3A03E19        LDR              R3, =400
  232 00000238 EBFFFF74        BL               DELAY_LOOP1
  233 0000023C         
  234 0000023C E3A06603        mov              r6,#0x300000
  235 00000240 EBFFFFFE        bl               LCD_CMD
  236 00000244 E59F0128        ldr              r0,=IO1PIN
  237 00000248 E5802000        str              r2,[r0]
  238 0000024C E59F3128        ldr              r3,=10000
  239 00000250 EBFFFF71        bl               DELAY_LOOP2 ;DELAY for >4.1ms
  240 00000254 E3A0670E        mov              r6,#0x380000 ;function set(0x20
                                                            ),8-bit data bus(0x
                                                            10),and two-line di
                                                            splay(0x80) command



ARM Macro Assembler    Page 6 


                                                            s combined
  241 00000258 EBFFFFFE        bl               LCD_CMD
  242 0000025C E3E088FF        ldr              r8,=0xFF00FFFF
  243 00000260 E59F010C        ldr              r0,=IO1PIN
  244 00000264 E5902000        ldr              r2,[r0]
  245 00000268 E0022008        and              r2,r2,r8
  246 0000026C E1822007        orr              r2,r2,r7
  247 00000270 E5802000        str              r2,[r0]
  248 00000274 E3A03E19        ldr              r3,=400
  249 00000278 EBFFFF67        bl               DELAY_LOOP2 ;DELAY for >80us
  250 0000027C E3A06703        mov              r6,#0x0C0000
  251 00000280 EBFFFFFE        bl               LCD_CMD
  252 00000284 E3A07703        mov              r7,#0x0C0000 ;display on/off co
                                                            ntrol and lcd on co
                                                            mmands
  253 00000288 E3E088FF        ldr              r8,=0xFF00FFFF
  254 0000028C E59F00E0        ldr              r0,=IO1PIN
  255 00000290 E5902000        ldr              r2,[r0]
  256 00000294 E0022008        and              r2,r2,r8
  257 00000298 E1822007        orr              r2,r2,r7
  258 0000029C E5802000        str              r2,[r0]
  259 000002A0 E3A03E19        ldr              r3,=400
  260 000002A4 EBFFFF5C        bl               DELAY_LOOP2 ;DELAY for >80us
  261 000002A8 E3A06801        mov              r6,#0x010000 ;clears display
  262 000002AC EBFFFFFE        bl               LCD_CMD
  263 000002B0 E3E088FF        ldr              r8,=0xFF00FFFF
  264 000002B4 E59F00B8        ldr              r0,=IO1PIN
  265 000002B8 E5902000        ldr              r2,[r0]
  266 000002BC E0022008        and              r2,r2,r8
  267 000002C0 E1822007        orr              r2,r2,r7
  268 000002C4 E5802000        str              r2,[r0]
  269 000002C8         
  270 000002C8 E59F30B0        ldr              r3,=40000
  271 000002CC EBFFFF52        bl               DELAY_LOOP2 ;DELAY for >1.64ms
  272 000002D0 E3A06806        mov              r6,#0x060000 ;entry mode is set
                                                             and lcd is configu
                                                            red
  273 000002D4 EBFFFFFE        bl               LCD_CMD
  274 000002D8 E3E088FF        ldr              r8,=0xFF00FFFF ;to automaticall
                                                            y move the cursor p
                                                            osition to the righ
                                                            t
  275 000002DC E59F0090        ldr              r0,=IO1PIN  ;every time we send
                                                             a character
  276 000002E0 E5902000        ldr              r2,[r0]
  277 000002E4 E0022008        and              r2,r2,r8
  278 000002E8 E1822007        orr              r2,r2,r7
  279 000002EC E5802000        str              r2,[r0]
  280 000002F0         ;turn on LED on pin 8
  281 000002F0 E59F006C        ldr              r0,=IO0PIN
  282 000002F4 E3A01C01        ldr              r1,=0x100
  283 000002F8 E5902000        ldr              r2,[r0]
  284 000002FC E1C22001        bic              r2,r2,r1
  285 00000300 E5802000        str              r2,[r0]
  286 00000304         ;load saved registers from stack
  287 00000304 E9BD4007        ldmib            sp!,{r0,r1,r2,lr}
  288 00000308 E12FFF1E        bx               lr
  289 0000030C         
  290 0000030C E9BD4007        LDMIB            SP!,{R0,R1,R2,LR}



ARM Macro Assembler    Page 7 


  291 00000310         
  292 00000310         LCD_STRING
  293 00000310 E82D4080        STMDA            SP!, {R7,LR}
  294 00000314 EBFFFFFE        BL               LCD_CMD
  295 00000318         
  296 00000318         STRING_LOOP
  297 00000318 E3A07000        MOV              R7,#0
  298 0000031C E4D87001        LDRB             R7,[R8],#1
  299 00000320 E3570000        CMP              R7, #0
  300 00000324 0A000002        BEQ              EXIT_LOOP
  301 00000328 E1A07807        LSL              R7, #16
  302 0000032C EBFFFFFE        BL               LCD_CHAR
  303 00000330 EAFFFFF8        B                STRING_LOOP
  304 00000334         
  305 00000334 E9BD4080 
                       EXIT_LOOP
                               LDMIB            SP!,{R7,LR}
  306 00000338 E12FFF1E        BX               LR
  307 0000033C         
  308 0000033C         
  309 0000033C         LCD_CLEAR
  310 0000033C E82D4040        STMDA            SP!,{R6, LR}
  311 00000340 E3A06801        MOV              R6, #0X010000 ;CLEAR DISPLAY
  312 00000344 EBFFFFFE        BL               LCD_CMD
  313 00000348 E9BD4040        LDMIB            SP!,{R6, LR}
  314 0000034C E12FFF1E        BX               LR
  315 00000350         
  316 00000350         
  317 00000350 EAFFFFFE 
                       stop    b                stop
  318 00000354                 END
              E002C004 
              30003000 
              E0028008 
              4040FF00 
              E0028000 
              E002C014 
              E0028018 
              03FF0000 
              E0028010 
              000186A0 
              00002710 
              00009C40 
Command Line: --debug --xref --diag_suppress=9931 --apcs=interwork --depend=.\o
bjects\lcd_subs.d -o.\objects\lcd_subs.o -IC:\Keil_v5\ARM\RV31\INC -IC:\Keil_v5
\ARM\CMSIS\Include -IC:\Keil_v5\ARM\INC\Philips --predefine="__EVAL SETA 1" --p
redefine="__UVISION_VERSION SETA 525" --list=.\listings\lcd_subs.lst lcd_subs.s



ARM Macro Assembler    Page 1 Alphabetic symbol ordering
Relocatable symbols

DELAY 00000000

Symbol: DELAY
   Definitions
      At line 13 in file lcd_subs.s
   Uses
      At line 5 in file lcd_subs.s
Comment: DELAY used once
DELAY_LOOP1 00000010

Symbol: DELAY_LOOP1
   Definitions
      At line 24 in file lcd_subs.s
   Uses
      At line 26 in file lcd_subs.s
      At line 118 in file lcd_subs.s
      At line 126 in file lcd_subs.s
      At line 168 in file lcd_subs.s
      At line 176 in file lcd_subs.s
      At line 213 in file lcd_subs.s
      At line 224 in file lcd_subs.s
      At line 232 in file lcd_subs.s

DELAY_LOOP2 0000001C

Symbol: DELAY_LOOP2
   Definitions
      At line 28 in file lcd_subs.s
   Uses
      At line 32 in file lcd_subs.s
      At line 135 in file lcd_subs.s
      At line 185 in file lcd_subs.s
      At line 239 in file lcd_subs.s
      At line 249 in file lcd_subs.s
      At line 260 in file lcd_subs.s
      At line 271 in file lcd_subs.s

EXIT_LOOP 00000334

Symbol: EXIT_LOOP
   Definitions
      At line 305 in file lcd_subs.s
   Uses
      At line 300 in file lcd_subs.s
Comment: EXIT_LOOP used once
LCD_CHAR 00000130

Symbol: LCD_CHAR
   Definitions
      At line 146 in file lcd_subs.s
   Uses
      At line 3 in file lcd_subs.s
      At line 302 in file lcd_subs.s

LCD_CLEAR 0000033C

Symbol: LCD_CLEAR
   Definitions
      At line 309 in file lcd_subs.s



ARM Macro Assembler    Page 2 Alphabetic symbol ordering
Relocatable symbols

   Uses
      At line 8 in file lcd_subs.s
Comment: LCD_CLEAR used once
LCD_CMD 0000009C

Symbol: LCD_CMD
   Definitions
      At line 88 in file lcd_subs.s
   Uses
      At line 4 in file lcd_subs.s
      At line 216 in file lcd_subs.s
      At line 227 in file lcd_subs.s
      At line 235 in file lcd_subs.s
      At line 241 in file lcd_subs.s
      At line 251 in file lcd_subs.s
      At line 262 in file lcd_subs.s
      At line 273 in file lcd_subs.s
      At line 294 in file lcd_subs.s
      At line 312 in file lcd_subs.s

LCD_INIT 000001C4

Symbol: LCD_INIT
   Definitions
      At line 196 in file lcd_subs.s
   Uses
      At line 6 in file lcd_subs.s
Comment: LCD_INIT used once
LCD_PINS 00000038

Symbol: LCD_PINS
   Definitions
      At line 37 in file lcd_subs.s
   Uses
      At line 2 in file lcd_subs.s
Comment: LCD_PINS used once
LCD_STRING 00000310

Symbol: LCD_STRING
   Definitions
      At line 292 in file lcd_subs.s
   Uses
      At line 7 in file lcd_subs.s
Comment: LCD_STRING used once
STRING_LOOP 00000318

Symbol: STRING_LOOP
   Definitions
      At line 296 in file lcd_subs.s
   Uses
      At line 303 in file lcd_subs.s
Comment: STRING_LOOP used once
mycode 00000000

Symbol: mycode
   Definitions
      At line 10 in file lcd_subs.s
   Uses
      None



ARM Macro Assembler    Page 3 Alphabetic symbol ordering
Relocatable symbols

Comment: mycode unused
stop 00000350

Symbol: stop
   Definitions
      At line 317 in file lcd_subs.s
   Uses
      At line 317 in file lcd_subs.s
Comment: stop used once
subrts 00000000

Symbol: subrts
   Definitions
      At line 11 in file lcd_subs.s
   Uses
      At line 1 in file lcd_subs.s
Comment: subrts used once
14 symbols



ARM Macro Assembler    Page 1 Alphabetic symbol ordering
Absolute symbols

IO0CLR E002800C

Symbol: IO0CLR
   Definitions
      At line 47 in file lcd_subs.s
   Uses
      None
Comment: IO0CLR unused
IO0DIR E0028008

Symbol: IO0DIR
   Definitions
      At line 45 in file lcd_subs.s
   Uses
      At line 65 in file lcd_subs.s
Comment: IO0DIR used once
IO0PIN E0028000

Symbol: IO0PIN
   Definitions
      At line 43 in file lcd_subs.s
   Uses
      At line 71 in file lcd_subs.s
      At line 112 in file lcd_subs.s
      At line 138 in file lcd_subs.s
      At line 162 in file lcd_subs.s
      At line 188 in file lcd_subs.s
      At line 198 in file lcd_subs.s
      At line 206 in file lcd_subs.s
      At line 281 in file lcd_subs.s

IO0SET E0028004

Symbol: IO0SET
   Definitions
      At line 44 in file lcd_subs.s
   Uses
      None
Comment: IO0SET unused
IO1DIR E0028018

Symbol: IO1DIR
   Definitions
      At line 46 in file lcd_subs.s
   Uses
      At line 79 in file lcd_subs.s
Comment: IO1DIR used once
IO1PIN E0028010

Symbol: IO1PIN
   Definitions
      At line 96 in file lcd_subs.s
   Uses
      At line 101 in file lcd_subs.s
      At line 120 in file lcd_subs.s
      At line 128 in file lcd_subs.s
      At line 151 in file lcd_subs.s
      At line 170 in file lcd_subs.s
      At line 178 in file lcd_subs.s



ARM Macro Assembler    Page 2 Alphabetic symbol ordering
Absolute symbols

      At line 217 in file lcd_subs.s
      At line 228 in file lcd_subs.s
      At line 236 in file lcd_subs.s
      At line 243 in file lcd_subs.s
      At line 254 in file lcd_subs.s
      At line 264 in file lcd_subs.s
      At line 275 in file lcd_subs.s

LCD_DATA 00FF0000

Symbol: LCD_DATA
   Definitions
      At line 91 in file lcd_subs.s
   Uses
      At line 100 in file lcd_subs.s
      At line 150 in file lcd_subs.s

LCD_E 02000000

Symbol: LCD_E
   Definitions
      At line 93 in file lcd_subs.s
   Uses
      At line 105 in file lcd_subs.s
      At line 121 in file lcd_subs.s
      At line 129 in file lcd_subs.s
      At line 155 in file lcd_subs.s
      At line 171 in file lcd_subs.s
      At line 179 in file lcd_subs.s
      At line 200 in file lcd_subs.s

LCD_LIGHT 40000000

Symbol: LCD_LIGHT
   Definitions
      At line 95 in file lcd_subs.s
   Uses
      None
Comment: LCD_LIGHT unused
LCD_RS 01000000

Symbol: LCD_RS
   Definitions
      At line 92 in file lcd_subs.s
   Uses
      At line 108 in file lcd_subs.s
      At line 158 in file lcd_subs.s
      At line 202 in file lcd_subs.s

LCD_RW 00400000

Symbol: LCD_RW
   Definitions
      At line 94 in file lcd_subs.s
   Uses
      At line 114 in file lcd_subs.s
      At line 164 in file lcd_subs.s
      At line 207 in file lcd_subs.s




ARM Macro Assembler    Page 3 Alphabetic symbol ordering
Absolute symbols

PINSEL0 E002C000

Symbol: PINSEL0
   Definitions
      At line 40 in file lcd_subs.s
   Uses
      None
Comment: PINSEL0 unused
PINSEL1 E002C004

Symbol: PINSEL1
   Definitions
      At line 41 in file lcd_subs.s
   Uses
      At line 56 in file lcd_subs.s
Comment: PINSEL1 used once
PINSEL2 E002C014

Symbol: PINSEL2
   Definitions
      At line 42 in file lcd_subs.s
   Uses
      At line 76 in file lcd_subs.s
Comment: PINSEL2 used once
loop_cntr 0000000F

Symbol: loop_cntr
   Definitions
      At line 15 in file lcd_subs.s
   Uses
      At line 20 in file lcd_subs.s
Comment: loop_cntr used once
loop_cntr2 00000064

Symbol: loop_cntr2
   Definitions
      At line 16 in file lcd_subs.s
   Uses
      At line 28 in file lcd_subs.s
Comment: loop_cntr2 used once
16 symbols
364 symbols in table
