


ARM Macro Assembler    Page 1 


    1 00000000         ; mystartup
    2 00000000         ;Standard definitions of Mode bits and Interrupt (I & F)
                        flags in PSR s
    3 00000000 00000010 
                       Mode_USR
                               EQU              0x10
    4 00000000 00000080 
                       I_Bit   EQU              0x80        ; when I bit is set
                                                            , IRQ is disabled
    5 00000000 00000040 
                       F_Bit   EQU              0x40        ; when F bit is set
                                                            , FIQ is disabled
    6 00000000         
    7 00000000         ;Defintions of User Mode Stack and Size
    8 00000000 00000100 
                       USR_Stack_Size
                               EQU              0x00000100
    9 00000000 40000000 
                       SRAM    EQU              0X40000000
   10 00000000 40000100 
                       Stack_Top
                               EQU              SRAM+USR_Stack_Size
   11 00000000         
   12 00000000                 AREA             RESET, CODE, READONLY
   13 00000000                 ENTRY
   14 00000000                 ARM
   15 00000000                 IMPORT           user_code
   16 00000000         
   17 00000000         VECTORS
   18 00000000         
   19 00000000 E59FF018        LDR              PC,Reset_Addr
   20 00000004 E59FF018        LDR              PC,Undef_Addr
   21 00000008 E59FF018        LDR              PC,SWI_Addr
   22 0000000C E59FF018        LDR              PC,PAbt_Addr
   23 00000010 E59FF018        LDR              PC,DAbt_Addr
   24 00000014 E1A00000        NOP
   25 00000018 E59FF018        LDR              PC,IRQ_Addr
   26 0000001C E59FF018        LDR              PC,FIQ_Addr
   27 00000020         
   28 00000020 00000000 
                       Reset_Addr
                               DCD              Reset_Handler
   29 00000024 00000000 
                       Undef_Addr
                               DCD              UndefHandler
   30 00000028 00000000 
                       SWI_Addr
                               DCD              SWIHandler
   31 0000002C 00000000 
                       PAbt_Addr
                               DCD              PAbtHandler
   32 00000030 00000000 
                       DAbt_Addr
                               DCD              DAbtHandler
   33 00000034 00000000        DCD              0
   34 00000038         
   35 00000038 00000000 
                       IRQ_Addr
                               DCD              IRQHandler



ARM Macro Assembler    Page 2 


   36 0000003C 00000000 
                       FIQ_Addr
                               DCD              FIQHandler
   37 00000040         
   38 00000040 EAFFFFFE 
                       SWIHandler
                               B                SWIHandler
   39 00000044 EAFFFFFE 
                       PAbtHandler
                               B                PAbtHandler
   40 00000048 EAFFFFFE 
                       DAbtHandler
                               B                DAbtHandler
   41 0000004C EAFFFFFE 
                       IRQHandler
                               B                IRQHandler
   42 00000050 EAFFFFFE 
                       FIQHandler
                               B                FIQHandler
   43 00000054 EAFFFFFE 
                       UndefHandler
                               B                UndefHandler
   44 00000058         
   45 00000058 E01FC000 
                       MAMCR   EQU              0xE01FC000
   46 00000058 E01FC004 
                       MAMTIM  EQU              0xE01FC004
   47 00000058         Reset_Handler
   48 00000058         
   49 00000058         ; Enter User Mode with interrupts enabled
   50 00000058 E3A0E010        MOV              r14, #Mode_USR
   51 0000005C E3CEE0C0        BIC              r14,r14,#(I_Bit+F_Bit)
   52 00000060 E121F00E        MSR              cpsr_c, r14
   53 00000064         ;initialize the stack, full descending
   54 00000064 E59FD024        LDR              SP, =Stack_Top
   55 00000068         ;load start address of user code into PC
   56 00000068 E59FF024        LDR              pc, =user_code
   57 0000006C         
   58 0000006C         
   59 0000006C E59F1024        LDR              R1,=MAMCR
   60 00000070 E3A00000        MOV              R0,#0x0
   61 00000074 E5810000        STR              R0,[R1]
   62 00000078 E59F201C        LDR              R2,=MAMTIM
   63 0000007C E3A00001        MOV              R0,#0x1
   64 00000080 E5820000        STR              R0,[R2]
   65 00000084 E3A00002        MOV              R0,#0x2
   66 00000088 E5810000        STR              R0,[R1]
   67 0000008C EAFFFFFE        B                subrts
   68 00000090         
   69 00000090                 IMPORT           subrts
   70 00000090                 END
              40000100 
              00000000 
              E01FC000 
              E01FC004 
Command Line: --debug --xref --diag_suppress=9931 --apcs=interwork --depend=.\o
bjects\mystartup.d -o.\objects\mystartup.o -IC:\Keil_v5\ARM\RV31\INC -IC:\Keil_
v5\ARM\CMSIS\Include -IC:\Keil_v5\ARM\INC\Philips --predefine="__EVAL SETA 1" -
-predefine="__UVISION_VERSION SETA 525" --list=.\listings\mystartup.lst mystart



ARM Macro Assembler    Page 3 


up.s



ARM Macro Assembler    Page 1 Alphabetic symbol ordering
Relocatable symbols

DAbtHandler 00000048

Symbol: DAbtHandler
   Definitions
      At line 40 in file mystartup.s
   Uses
      At line 32 in file mystartup.s
      At line 40 in file mystartup.s

DAbt_Addr 00000030

Symbol: DAbt_Addr
   Definitions
      At line 32 in file mystartup.s
   Uses
      At line 23 in file mystartup.s
Comment: DAbt_Addr used once
FIQHandler 00000050

Symbol: FIQHandler
   Definitions
      At line 42 in file mystartup.s
   Uses
      At line 36 in file mystartup.s
      At line 42 in file mystartup.s

FIQ_Addr 0000003C

Symbol: FIQ_Addr
   Definitions
      At line 36 in file mystartup.s
   Uses
      At line 26 in file mystartup.s
Comment: FIQ_Addr used once
IRQHandler 0000004C

Symbol: IRQHandler
   Definitions
      At line 41 in file mystartup.s
   Uses
      At line 35 in file mystartup.s
      At line 41 in file mystartup.s

IRQ_Addr 00000038

Symbol: IRQ_Addr
   Definitions
      At line 35 in file mystartup.s
   Uses
      At line 25 in file mystartup.s
Comment: IRQ_Addr used once
PAbtHandler 00000044

Symbol: PAbtHandler
   Definitions
      At line 39 in file mystartup.s
   Uses
      At line 31 in file mystartup.s
      At line 39 in file mystartup.s



ARM Macro Assembler    Page 2 Alphabetic symbol ordering
Relocatable symbols


PAbt_Addr 0000002C

Symbol: PAbt_Addr
   Definitions
      At line 31 in file mystartup.s
   Uses
      At line 22 in file mystartup.s
Comment: PAbt_Addr used once
RESET 00000000

Symbol: RESET
   Definitions
      At line 12 in file mystartup.s
   Uses
      None
Comment: RESET unused
Reset_Addr 00000020

Symbol: Reset_Addr
   Definitions
      At line 28 in file mystartup.s
   Uses
      At line 19 in file mystartup.s
Comment: Reset_Addr used once
Reset_Handler 00000058

Symbol: Reset_Handler
   Definitions
      At line 47 in file mystartup.s
   Uses
      At line 28 in file mystartup.s
Comment: Reset_Handler used once
SWIHandler 00000040

Symbol: SWIHandler
   Definitions
      At line 38 in file mystartup.s
   Uses
      At line 30 in file mystartup.s
      At line 38 in file mystartup.s

SWI_Addr 00000028

Symbol: SWI_Addr
   Definitions
      At line 30 in file mystartup.s
   Uses
      At line 21 in file mystartup.s
Comment: SWI_Addr used once
UndefHandler 00000054

Symbol: UndefHandler
   Definitions
      At line 43 in file mystartup.s
   Uses
      At line 29 in file mystartup.s
      At line 43 in file mystartup.s




ARM Macro Assembler    Page 3 Alphabetic symbol ordering
Relocatable symbols

Undef_Addr 00000024

Symbol: Undef_Addr
   Definitions
      At line 29 in file mystartup.s
   Uses
      At line 20 in file mystartup.s
Comment: Undef_Addr used once
VECTORS 00000000

Symbol: VECTORS
   Definitions
      At line 17 in file mystartup.s
   Uses
      None
Comment: VECTORS unused
16 symbols



ARM Macro Assembler    Page 1 Alphabetic symbol ordering
Absolute symbols

F_Bit 00000040

Symbol: F_Bit
   Definitions
      At line 5 in file mystartup.s
   Uses
      At line 51 in file mystartup.s
Comment: F_Bit used once
I_Bit 00000080

Symbol: I_Bit
   Definitions
      At line 4 in file mystartup.s
   Uses
      At line 51 in file mystartup.s
Comment: I_Bit used once
MAMCR E01FC000

Symbol: MAMCR
   Definitions
      At line 45 in file mystartup.s
   Uses
      At line 59 in file mystartup.s
Comment: MAMCR used once
MAMTIM E01FC004

Symbol: MAMTIM
   Definitions
      At line 46 in file mystartup.s
   Uses
      At line 62 in file mystartup.s
Comment: MAMTIM used once
Mode_USR 00000010

Symbol: Mode_USR
   Definitions
      At line 3 in file mystartup.s
   Uses
      At line 50 in file mystartup.s
Comment: Mode_USR used once
SRAM 40000000

Symbol: SRAM
   Definitions
      At line 9 in file mystartup.s
   Uses
      At line 10 in file mystartup.s
Comment: SRAM used once
Stack_Top 40000100

Symbol: Stack_Top
   Definitions
      At line 10 in file mystartup.s
   Uses
      At line 54 in file mystartup.s
Comment: Stack_Top used once
USR_Stack_Size 00000100

Symbol: USR_Stack_Size



ARM Macro Assembler    Page 2 Alphabetic symbol ordering
Absolute symbols

   Definitions
      At line 8 in file mystartup.s
   Uses
      At line 10 in file mystartup.s
Comment: USR_Stack_Size used once
8 symbols



ARM Macro Assembler    Page 1 Alphabetic symbol ordering
External symbols

subrts 00000000

Symbol: subrts
   Definitions
      At line 69 in file mystartup.s
   Uses
      At line 67 in file mystartup.s
Comment: subrts used once
user_code 00000000

Symbol: user_code
   Definitions
      At line 15 in file mystartup.s
   Uses
      At line 56 in file mystartup.s
Comment: user_code used once
2 symbols
360 symbols in table
